[github.com/flipped-aurora/gin-vue-admin/server]2022/01/18 - 12:19:15.360	[31merror[0m	C:/Users/27370/Desktop/go-admin/gin-vue-admin/server/api/v1/system/sys_initdb.go:34	è‡ªåŠ¨åˆ›å»ºæ•°æ®åº“å¤±è´¥!	{"error": "dial tcp 127.0.0.1:3306: connectex: No connection could be made because the target machine actively refused it."}
[github.com/flipped-aurora/gin-vue-admin/server]2022/01/20 - 16:38:02.360	[31merror[0m	C:/Users/27370/Desktop/go-admin/gin-vue-admin/server/core/server.go:48	listen tcp :8888: bind: Only one usage of each socket address (protocol/network address/port) is normally permitted.
[github.com/flipped-aurora/gin-vue-admin/server]2022/01/20 - 16:39:02.844	[31merror[0m	C:/Users/27370/Desktop/go-admin/gin-vue-admin/server/core/server.go:48	listen tcp :8888: bind: Only one usage of each socket address (protocol/network address/port) is normally permitted.
[github.com/flipped-aurora/gin-vue-admin/server]2022/01/20 - 17:12:48.205	[31merror[0m	C:/Users/27370/Desktop/go-admin/gin-vue-admin/server/api/v1/system/sys_menu.go:119	æ·»åŠ å¤±è´¥!	{"error": "å­˜åœ¨é‡å¤nameï¼Œè¯·ä¿®æ”¹name"}
[github.com/flipped-aurora/gin-vue-admin/server]2022/02/08 - 13:46:14.098	[31merror[0m	C:/Users/27370/Desktop/go-admin/gin-vue-admin/server/api/v1/system/sys_user.go:35	ç™»é™†å¤±è´¥! ç”¨æˆ·åä¸å­˜åœ¨æˆ–è€…å¯†ç é”™è¯¯!	{"error": "db not init"}
[github.com/flipped-aurora/gin-vue-admin/server]2022/02/08 - 13:46:35.101	[31merror[0m	C:/Users/27370/Desktop/go-admin/gin-vue-admin/server/api/v1/system/sys_initdb.go:34	è‡ªåŠ¨åˆ›å»ºæ•°æ®åº“å¤±è´¥!	{"error": "dial tcp 127.0.0.1:3306: connectex: No connection could be made because the target machine actively refused it."}
[github.com/flipped-aurora/gin-vue-admin/server]2022/02/27 - 14:34:46.759	[31merror[0m	C:/Users/27370/Desktop/go-admin/gin-vue-admin/server/api/v1/example/exa_excel.go:69	åŠ è½½æ•°æ®å¤±è´¥!	{"error": "sheet Sheet1 is not exist"}
[github.com/flipped-aurora/gin-vue-admin/server]2022/02/27 - 14:42:10.212	[31merror[0m	C:/Users/27370/Desktop/go-admin/gin-vue-admin/server/api/v1/example/exa_excel.go:69	åŠ è½½æ•°æ®å¤±è´¥!	{"error": "zip: not a valid zip file"}
[github.com/flipped-aurora/gin-vue-admin/server]2022/02/27 - 15:51:10.736	[31merror[0m	C:/Users/27370/Desktop/go-admin/gin-vue-admin/server/api/v1/system/sys_menu.go:143	åˆ é™¤å¤±è´¥!	{"error": "æ­¤èœå•å­˜åœ¨å­èœå•ä¸å¯åˆ é™¤"}
[github.com/flipped-aurora/gin-vue-admin/server]2022/02/27 - 15:51:16.635	[31merror[0m	C:/Users/27370/Desktop/go-admin/gin-vue-admin/server/api/v1/system/sys_menu.go:143	åˆ é™¤å¤±è´¥!	{"error": "æ­¤èœå•å­˜åœ¨å­èœå•ä¸å¯åˆ é™¤"}
[github.com/flipped-aurora/gin-vue-admin/server]2022/02/27 - 16:59:17.552	[31merror[0m	C:/Users/27370/Desktop/go-admin/gin-vue-admin/server/api/v1/system/sys_menu.go:119	æ·»åŠ å¤±è´¥!	{"error": "å­˜åœ¨é‡å¤nameï¼Œè¯·ä¿®æ”¹name"}
[github.com/flipped-aurora/gin-vue-admin/server]2022/02/27 - 20:41:41.040	[31merror[0m	C:/Users/27370/Desktop/go-admin/gin-vue-admin/server/initialize/gorm.go:57	register table failed	{"error": "Error 1075: Incorrect table definition; there can be only one auto column and it must be defined as a key"}
[github.com/flipped-aurora/gin-vue-admin/server]2022/02/27 - 20:54:46.454	[31merror[0m	C:/Users/27370/Desktop/go-admin/gin-vue-admin/server/initialize/gorm.go:57	register table failed	{"error": "Error 1075: Incorrect table definition; there can be only one auto column and it must be defined as a key"}
[github.com/flipped-aurora/gin-vue-admin/server]2022/02/27 - 20:59:21.505	[31merror[0m	C:/Users/27370/Desktop/go-admin/gin-vue-admin/server/initialize/gorm.go:56	register table failed	{"error": "Error 1075: Incorrect table definition; there can be only one auto column and it must be defined as a key"}
[github.com/flipped-aurora/gin-vue-admin/server]2022/02/27 - 21:06:19.399	[31merror[0m	C:/Users/27370/Desktop/go-admin/gin-vue-admin/server/api/v1/autocode/student_info.go:133	è·å–å¤±è´¥!	{"error": "Error 1054: Unknown column 'student_info.deleted_at' in 'where clause'"}
[github.com/flipped-aurora/gin-vue-admin/server]2022/02/27 - 21:09:00.731	[31merror[0m	C:/Users/27370/Desktop/go-admin/gin-vue-admin/server/api/v1/autocode/student_info.go:93	æ›´æ–°å¤±è´¥!	{"error": "Error 1292: Incorrect datetime value: '0000-00-00' for column 'created_at' at row 1"}
[github.com/flipped-aurora/gin-vue-admin/server]2022/02/27 - 21:09:06.718	[31merror[0m	C:/Users/27370/Desktop/go-admin/gin-vue-admin/server/api/v1/autocode/student_info.go:93	æ›´æ–°å¤±è´¥!	{"error": "Error 1292: Incorrect datetime value: '0000-00-00' for column 'created_at' at row 1"}
[github.com/flipped-aurora/gin-vue-admin/server]2022/02/27 - 21:20:11.856	[31merror[0m	C:/Users/27370/Desktop/go-admin/gin-vue-admin/server/api/v1/autocode/student_info.go:93	æ›´æ–°å¤±è´¥!	{"error": "Error 1292: Incorrect datetime value: '0000-00-00' for column 'created_at' at row 1"}
[github.com/flipped-aurora/gin-vue-admin/server]2022/02/27 - 21:21:20.474	[31merror[0m	C:/Users/27370/Desktop/go-admin/gin-vue-admin/server/api/v1/autocode/student_info.go:93	æ›´æ–°å¤±è´¥!	{"error": "Error 1292: Incorrect datetime value: '0000-00-00' for column 'created_at' at row 1"}
[github.com/flipped-aurora/gin-vue-admin/server]2022/02/28 - 16:21:25.319	[31merror[0m	C:/Users/27370/Desktop/go-admin/gin-vue-admin/server/api/v1/autocode/student_info.go:113	æŸ¥è¯¢å¤±è´¥!	{"error": "record not found"}
[github.com/flipped-aurora/gin-vue-admin/server]2022/02/28 - 16:23:23.350	[31merror[0m	C:/Users/27370/Desktop/go-admin/gin-vue-admin/server/api/v1/autocode/student_info.go:113	æŸ¥è¯¢å¤±è´¥!	{"error": "record not found"}
[github.com/flipped-aurora/gin-vue-admin/server]2022/02/28 - 16:26:19.354	[31merror[0m	C:/Users/27370/Desktop/go-admin/gin-vue-admin/server/api/v1/autocode/student_info.go:113	æŸ¥è¯¢å¤±è´¥!	{"error": "record not found"}
[github.com/flipped-aurora/gin-vue-admin/server]2022/02/28 - 16:31:49.439	[31merror[0m	C:/Users/27370/Desktop/go-admin/gin-vue-admin/server/utils/clamis.go:15	ä»Ginçš„Contextä¸­è·å–ä»jwtè§£æä¿¡æ¯å¤±è´¥, è¯·æ£€æŸ¥è¯·æ±‚å¤´æ˜¯å¦å­˜åœ¨x-tokenä¸”claimsæ˜¯å¦ä¸ºè§„å®šç»“æ„
[github.com/flipped-aurora/gin-vue-admin/server]2022/02/28 - 16:58:34.910	[31merror[0m	C:/Users/27370/Desktop/go-admin/gin-vue-admin/server/api/v1/autocode/student_info.go:113	æŸ¥è¯¢å¤±è´¥!	{"error": "record not found"}
[github.com/flipped-aurora/gin-vue-admin/server]2022/02/28 - 16:58:49.512	[31merror[0m	C:/Users/27370/Desktop/go-admin/gin-vue-admin/server/api/v1/autocode/student_info.go:113	æŸ¥è¯¢å¤±è´¥!	{"error": "record not found"}
[github.com/flipped-aurora/gin-vue-admin/server]2022/02/28 - 17:01:51.655	[31merror[0m	C:/Users/27370/Desktop/go-admin/gin-vue-admin/server/api/v1/autocode/student_info.go:113	æŸ¥è¯¢å¤±è´¥!	{"error": "record not found"}
[github.com/flipped-aurora/gin-vue-admin/server]2022/03/01 - 11:14:28.244	[31merror[0m	C:/Users/27370/Desktop/go-admin/gin-vue-admin/server/api/v1/autocode/student_info.go:113	æŸ¥è¯¢å¤±è´¥!	{"error": "record not found"}
[github.com/flipped-aurora/gin-vue-admin/server]2022/03/01 - 11:17:39.520	[31merror[0m	C:/Users/27370/Desktop/go-admin/gin-vue-admin/server/api/v1/autocode/student_info.go:113	æŸ¥è¯¢å¤±è´¥!	{"error": "record not found"}
[github.com/flipped-aurora/gin-vue-admin/server]2022/03/01 - 11:49:27.865	[31merror[0m	C:/Users/27370/Desktop/go-admin/gin-vue-admin/server/api/v1/autocode/student_info.go:114	æŸ¥è¯¢å¤±è´¥!	{"error": "record not found"}
[github.com/flipped-aurora/gin-vue-admin/server]2022/03/01 - 11:50:06.319	[31merror[0m	C:/Users/27370/Desktop/go-admin/gin-vue-admin/server/api/v1/autocode/student_info.go:114	æŸ¥è¯¢å¤±è´¥!	{"error": "record not found"}
[github.com/flipped-aurora/gin-vue-admin/server]2022/03/01 - 11:52:01.401	[31merror[0m	C:/Users/27370/Desktop/go-admin/gin-vue-admin/server/api/v1/autocode/student_info.go:114	æŸ¥è¯¢å¤±è´¥!	{"error": "record not found"}
[github.com/flipped-aurora/gin-vue-admin/server]2022/03/02 - 14:35:18.447	[31merror[0m	C:/Users/27370/Desktop/go-admin/gin-vue-admin/server/middleware/operation.go:73	create operation record error:	{"error": "invalid connection"}
[github.com/flipped-aurora/gin-vue-admin/server]2022/03/02 - 14:42:40.238	[31merror[0m	C:/Users/27370/Desktop/go-admin/gin-vue-admin/server/api/v1/system/sys_menu.go:216	è·å–å¤±è´¥!	{"error": "dial tcp 127.0.0.1:3306: connectex: No connection could be made because the target machine actively refused it."}
[github.com/flipped-aurora/gin-vue-admin/server]2022/03/02 - 14:44:42.096	[31merror[0m	C:/Users/27370/Desktop/go-admin/gin-vue-admin/server/api/v1/example/exa_excel.go:69	åŠ è½½æ•°æ®å¤±è´¥!	{"error": "sheet Sheet1 is not exist"}
[github.com/flipped-aurora/gin-vue-admin/server]2022/03/02 - 14:58:21.135	[31merror[0m	C:/Users/27370/Desktop/go-admin/gin-vue-admin/server/api/v1/example/exa_file_upload_download.go:52	åˆ é™¤å¤±è´¥!	{"error": "æ–‡ä»¶åˆ é™¤å¤±è´¥"}
[github.com/flipped-aurora/gin-vue-admin/server]2022/03/02 - 14:59:10.699	[31merror[0m	C:/Users/27370/Desktop/go-admin/gin-vue-admin/server/api/v1/example/exa_file_upload_download.go:52	åˆ é™¤å¤±è´¥!	{"error": "æ–‡ä»¶åˆ é™¤å¤±è´¥"}
[github.com/flipped-aurora/gin-vue-admin/server]2022/03/02 - 14:59:13.411	[31merror[0m	C:/Users/27370/Desktop/go-admin/gin-vue-admin/server/api/v1/example/exa_file_upload_download.go:52	åˆ é™¤å¤±è´¥!	{"error": "æ–‡ä»¶åˆ é™¤å¤±è´¥"}
[github.com/flipped-aurora/gin-vue-admin/server]2022/03/02 - 15:03:03.538	[31merror[0m	C:/Users/27370/Desktop/go-admin/gin-vue-admin/server/api/v1/example/exa_file_upload_download.go:52	åˆ é™¤å¤±è´¥!	{"error": "æ–‡ä»¶åˆ é™¤å¤±è´¥"}
[github.com/flipped-aurora/gin-vue-admin/server]2022/03/02 - 15:03:07.341	[31merror[0m	C:/Users/27370/Desktop/go-admin/gin-vue-admin/server/api/v1/example/exa_file_upload_download.go:52	åˆ é™¤å¤±è´¥!	{"error": "æ–‡ä»¶åˆ é™¤å¤±è´¥"}
[github.com/flipped-aurora/gin-vue-admin/server]2022/03/02 - 15:09:35.636	[31merror[0m	C:/Users/27370/Desktop/go-admin/gin-vue-admin/server/api/v1/example/exa_file_upload_download.go:52	åˆ é™¤å¤±è´¥!	{"error": "æ–‡ä»¶åˆ é™¤å¤±è´¥"}
[github.com/flipped-aurora/gin-vue-admin/server]2022/03/05 - 13:52:03.793	[31merror[0m	C:/Users/27370/Desktop/go-admin/gin-vue-admin/server/api/v1/system/sys_dictionary.go:46	åˆ é™¤å¤±è´¥!	{"error": "WHERE conditions required"}
[github.com/flipped-aurora/gin-vue-admin/server]2022/03/05 - 13:52:06.990	[31merror[0m	C:/Users/27370/Desktop/go-admin/gin-vue-admin/server/api/v1/system/sys_dictionary.go:46	åˆ é™¤å¤±è´¥!	{"error": "è¯·ä¸è¦æäº‹"}
[github.com/flipped-aurora/gin-vue-admin/server]2022/03/05 - 13:52:14.603	[31merror[0m	C:/Users/27370/Desktop/go-admin/gin-vue-admin/server/api/v1/system/sys_dictionary.go:46	åˆ é™¤å¤±è´¥!	{"error": "è¯·ä¸è¦æäº‹"}
[github.com/flipped-aurora/gin-vue-admin/server]2022/03/05 - 14:00:25.804	[31merror[0m	C:/Users/27370/Desktop/go-admin/gin-vue-admin/server/api/v1/system/sys_dictionary.go:46	åˆ é™¤å¤±è´¥!	{"error": "è¯·ä¸è¦æäº‹"}
[github.com/flipped-aurora/gin-vue-admin/server]2022/03/05 - 14:02:18.243	[31merror[0m	C:/Users/27370/Desktop/go-admin/gin-vue-admin/server/api/v1/system/sys_dictionary.go:46	åˆ é™¤å¤±è´¥!	{"error": "è¯·ä¸è¦æäº‹"}
[github.com/flipped-aurora/gin-vue-admin/server]2022/03/07 - 13:18:52.870	[31merror[0m	C:/Users/27370/Desktop/go-admin/gin-vue-admin/server/api/v1/system/sys_user.go:35	ç™»é™†å¤±è´¥! ç”¨æˆ·åä¸å­˜åœ¨æˆ–è€…å¯†ç é”™è¯¯!	{"error": "db not init"}
[github.com/flipped-aurora/gin-vue-admin/server]2022/03/07 - 13:19:09.721	[31merror[0m	C:/Users/27370/Desktop/go-admin/gin-vue-admin/server/api/v1/system/sys_user.go:35	ç™»é™†å¤±è´¥! ç”¨æˆ·åä¸å­˜åœ¨æˆ–è€…å¯†ç é”™è¯¯!	{"error": "db not init"}
[github.com/flipped-aurora/gin-vue-admin/server]2022/03/07 - 15:05:59.018	[31merror[0m	C:/Users/27370/Desktop/go-admin/gin-vue-admin/server/utils/clamis.go:15	ä»Ginçš„Contextä¸­è·å–ä»jwtè§£æä¿¡æ¯å¤±è´¥, è¯·æ£€æŸ¥è¯·æ±‚å¤´æ˜¯å¦å­˜åœ¨x-tokenä¸”claimsæ˜¯å¦ä¸ºè§„å®šç»“æ„
[github.com/flipped-aurora/gin-vue-admin/server]2022/03/07 - 15:08:53.777	[31merror[0m	C:/Users/27370/Desktop/go-admin/gin-vue-admin/server/api/v1/autocode/student_info.go:147	åˆ›å»ºå¤±è´¥	{"error": "Error 1146: Table 'gva.students' doesn't exist"}
[github.com/flipped-aurora/gin-vue-admin/server]2022/03/07 - 15:17:14.400	[31merror[0m	C:/Users/27370/Desktop/go-admin/gin-vue-admin/server/api/v1/autocode/student_info.go:147	åˆ›å»ºå¤±è´¥
[github.com/flipped-aurora/gin-vue-admin/server]2022/03/07 - 15:25:20.438	[31merror[0m	C:/Users/27370/Desktop/go-admin/gin-vue-admin/server/api/v1/autocode/student_info.go:148	åˆ›å»ºå¤±è´¥	{"error": "Error 1146: Table 'gva.students' doesn't exist"}
[github.com/flipped-aurora/gin-vue-admin/server]2022/03/07 - 15:26:23.347	[31merror[0m	C:/Users/27370/Desktop/go-admin/gin-vue-admin/server/api/v1/autocode/student_info.go:148	åˆ›å»ºå¤±è´¥	{"error": "Error 1146: Table 'gva.students' doesn't exist"}
[github.com/flipped-aurora/gin-vue-admin/server]2022/03/07 - 15:31:15.529	[31merror[0m	C:/Users/27370/Desktop/go-admin/gin-vue-admin/server/api/v1/autocode/student_info.go:148	åˆ›å»ºå¤±è´¥	{"error": "Error 1146: Table 'gva.students' doesn't exist"}
[github.com/flipped-aurora/gin-vue-admin/server]2022/03/07 - 15:32:40.718	[31merror[0m	C:/Users/27370/Desktop/go-admin/gin-vue-admin/server/api/v1/autocode/student_info.go:148	åˆ›å»ºå¤±è´¥	{"error": "Error 1146: Table 'gva.students' doesn't exist"}
[github.com/flipped-aurora/gin-vue-admin/server]2022/03/07 - 15:53:21.052	[31merror[0m	C:/Users/27370/Desktop/go-admin/gin-vue-admin/server/api/v1/autocode/student_info.go:148	åˆ›å»ºå¤±è´¥	{"error": "Error 1146: Table 'gva.students' doesn't exist"}
[github.com/flipped-aurora/gin-vue-admin/server]2022/03/07 - 19:41:46.971	[31merror[0m	C:/Users/27370/Desktop/go-admin/gin-vue-admin/server/api/v1/autocode/vaccination_info.go:33	åˆ›å»ºå¤±è´¥!	{"error": "Error 1452: Cannot add or update a child row: a foreign key constraint fails (`gva`.`vaccination_info`, CONSTRAINT `vaccination_info_ibfk_1` FOREIGN KEY (`xuehao`) REFERENCES `student_info` (`xuehao`) ON DELETE CASCADE ON UPDATE CASCADE)"}
[github.com/flipped-aurora/gin-vue-admin/server]2022/03/07 - 19:42:14.621	[31merror[0m	C:/Users/27370/Desktop/go-admin/gin-vue-admin/server/api/v1/autocode/vaccination_info.go:33	åˆ›å»ºå¤±è´¥!	{"error": "Error 1062: Duplicate entry '2019213236' for key 'PRIMARY'"}
[github.com/flipped-aurora/gin-vue-admin/server]2022/03/07 - 20:25:10.619	[31merror[0m	C:/Users/27370/Desktop/go-admin/gin-vue-admin/server/api/v1/autocode/vaccination_info.go:53	åˆ é™¤å¤±è´¥!	{"error": "WHERE conditions required"}
[github.com/flipped-aurora/gin-vue-admin/server]2022/03/07 - 20:41:59.148	[31merror[0m	C:/Users/27370/Desktop/go-admin/gin-vue-admin/server/api/v1/autocode/vaccination_info.go:126	æŸ¥è¯¢å¤±è´¥!	{"error": "record not found"}
[github.com/flipped-aurora/gin-vue-admin/server]2022/03/07 - 20:42:01.254	[31merror[0m	C:/Users/27370/Desktop/go-admin/gin-vue-admin/server/api/v1/autocode/vaccination_info.go:126	æŸ¥è¯¢å¤±è´¥!	{"error": "record not found"}
[github.com/flipped-aurora/gin-vue-admin/server]2022/03/07 - 20:42:45.173	[31merror[0m	C:/Users/27370/Desktop/go-admin/gin-vue-admin/server/api/v1/autocode/vaccination_info.go:126	æŸ¥è¯¢å¤±è´¥!	{"error": "record not found"}
[github.com/flipped-aurora/gin-vue-admin/server]2022/03/07 - 20:43:46.046	[31merror[0m	C:/Users/27370/Desktop/go-admin/gin-vue-admin/server/api/v1/autocode/vaccination_info.go:38	åˆ›å»ºå¤±è´¥!	{"error": "Error 1452: Cannot add or update a child row: a foreign key constraint fails (`gva`.`vaccination_info`, CONSTRAINT `vaccination_info_ibfk_1` FOREIGN KEY (`id`) REFERENCES `student_info` (`id`) ON DELETE CASCADE ON UPDATE CASCADE)"}
[github.com/flipped-aurora/gin-vue-admin/server]2022/03/07 - 20:58:55.194	[31merror[0m	C:/Users/27370/Desktop/go-admin/gin-vue-admin/server/api/v1/autocode/vaccination_info.go:102	æ›´æ–°å¤±è´¥!	{"error": "Error 1364: Field 'id' doesn't have a default value"}
[github.com/flipped-aurora/gin-vue-admin/server]2022/03/07 - 20:59:20.009	[31merror[0m	C:/Users/27370/Desktop/go-admin/gin-vue-admin/server/api/v1/autocode/vaccination_info.go:102	æ›´æ–°å¤±è´¥!	{"error": "Error 1364: Field 'id' doesn't have a default value"}
[github.com/flipped-aurora/gin-vue-admin/server]2022/03/07 - 20:59:48.691	[31merror[0m	C:/Users/27370/Desktop/go-admin/gin-vue-admin/server/api/v1/autocode/vaccination_info.go:102	æ›´æ–°å¤±è´¥!	{"error": "Error 1364: Field 'id' doesn't have a default value"}
[github.com/flipped-aurora/gin-vue-admin/server]2022/03/07 - 21:09:34.537	[31merror[0m	C:/Users/27370/Desktop/go-admin/gin-vue-admin/server/initialize/gorm.go:56	register table failed	{"error": "Error 1075: Incorrect table definition; there can be only one auto column and it must be defined as a key"}
[github.com/flipped-aurora/gin-vue-admin/server]2022/03/07 - 21:13:01.376	[31merror[0m	C:/Users/27370/Desktop/go-admin/gin-vue-admin/server/api/v1/autocode/student_info.go:33	åˆ›å»ºå¤±è´¥!	{"error": "Error 1364: Field 'id' doesn't have a default value"}
[github.com/flipped-aurora/gin-vue-admin/server]2022/03/07 - 21:13:08.701	[31merror[0m	C:/Users/27370/Desktop/go-admin/gin-vue-admin/server/api/v1/autocode/student_info.go:33	åˆ›å»ºå¤±è´¥!	{"error": "Error 1364: Field 'id' doesn't have a default value"}
[github.com/flipped-aurora/gin-vue-admin/server]2022/03/07 - 21:18:27.885	[31merror[0m	C:/Users/27370/Desktop/go-admin/gin-vue-admin/server/api/v1/autocode/student_info.go:33	åˆ›å»ºå¤±è´¥!	{"error": "Error 1364: Field 'id' doesn't have a default value"}
[github.com/flipped-aurora/gin-vue-admin/server]2022/03/07 - 21:26:48.940	[31merror[0m	C:/Users/27370/Desktop/go-admin/gin-vue-admin/server/api/v1/autocode/vaccination_info.go:113	æŸ¥è¯¢å¤±è´¥!	{"error": "record not found"}
[github.com/flipped-aurora/gin-vue-admin/server]2022/03/07 - 21:26:52.686	[31merror[0m	C:/Users/27370/Desktop/go-admin/gin-vue-admin/server/api/v1/autocode/vaccination_info.go:113	æŸ¥è¯¢å¤±è´¥!	{"error": "record not found"}
[github.com/flipped-aurora/gin-vue-admin/server]2022/03/07 - 21:26:55.553	[31merror[0m	C:/Users/27370/Desktop/go-admin/gin-vue-admin/server/api/v1/autocode/vaccination_info.go:53	åˆ é™¤å¤±è´¥!	{"error": "WHERE conditions required"}
[github.com/flipped-aurora/gin-vue-admin/server]2022/03/07 - 21:27:41.671	[31merror[0m	C:/Users/27370/Desktop/go-admin/gin-vue-admin/server/api/v1/autocode/vaccination_info.go:113	æŸ¥è¯¢å¤±è´¥!	{"error": "record not found"}
[github.com/flipped-aurora/gin-vue-admin/server]2022/03/07 - 21:49:12.386	[31merror[0m	C:/Users/27370/Desktop/go-admin/gin-vue-admin/server/utils/clamis.go:15	ä»Ginçš„Contextä¸­è·å–ä»jwtè§£æä¿¡æ¯å¤±è´¥, è¯·æ£€æŸ¥è¯·æ±‚å¤´æ˜¯å¦å­˜åœ¨x-tokenä¸”claimsæ˜¯å¦ä¸ºè§„å®šç»“æ„
[github.com/flipped-aurora/gin-vue-admin/server]2022/03/07 - 21:50:08.571	[31merror[0m	C:/Users/27370/Desktop/go-admin/gin-vue-admin/server/api/v1/autocode/vaccination_info.go:93	æ›´æ–°å¤±è´¥!	{"error": "Error 1364: Field 'x_id' doesn't have a default value"}
[github.com/flipped-aurora/gin-vue-admin/server]2022/03/07 - 21:52:21.042	[31merror[0m	C:/Users/27370/Desktop/go-admin/gin-vue-admin/server/api/v1/autocode/vaccination_info.go:93	æ›´æ–°å¤±è´¥!	{"error": "Error 1364: Field 'x_id' doesn't have a default value"}
[github.com/flipped-aurora/gin-vue-admin/server]2022/03/07 - 22:08:55.744	[31merror[0m	C:/Users/27370/Desktop/go-admin/gin-vue-admin/server/api/v1/autocode/vaccination_info.go:113	æŸ¥è¯¢å¤±è´¥!	{"error": "record not found"}
[github.com/flipped-aurora/gin-vue-admin/server]2022/03/07 - 22:13:07.983	[31merror[0m	C:/Users/27370/Desktop/go-admin/gin-vue-admin/server/api/v1/autocode/vaccination_info.go:93	æ›´æ–°å¤±è´¥!	{"error": "record not found"}
[github.com/flipped-aurora/gin-vue-admin/server]2022/03/07 - 22:14:51.349	[31merror[0m	C:/Users/27370/Desktop/go-admin/gin-vue-admin/server/api/v1/autocode/vaccination_info.go:93	æ›´æ–°å¤±è´¥!	{"error": "record not found"}
[github.com/flipped-aurora/gin-vue-admin/server]2022/03/07 - 22:15:58.198	[31merror[0m	C:/Users/27370/Desktop/go-admin/gin-vue-admin/server/api/v1/autocode/vaccination_info.go:93	æ›´æ–°å¤±è´¥!	{"error": "record not found"}
[github.com/flipped-aurora/gin-vue-admin/server]2022/03/07 - 22:16:19.730	[31merror[0m	C:/Users/27370/Desktop/go-admin/gin-vue-admin/server/api/v1/autocode/vaccination_info.go:93	æ›´æ–°å¤±è´¥!	{"error": "record not found"}
[github.com/flipped-aurora/gin-vue-admin/server]2022/03/07 - 22:38:29.892	[31merror[0m	C:/Users/27370/Desktop/go-admin/gin-vue-admin/server/api/v1/autocode/vaccination_info.go:93	æ›´æ–°å¤±è´¥!	{"error": "WHERE conditions required"}
[github.com/flipped-aurora/gin-vue-admin/server]2022/03/07 - 22:39:34.880	[31merror[0m	C:/Users/27370/Desktop/go-admin/gin-vue-admin/server/api/v1/autocode/vaccination_info.go:93	æ›´æ–°å¤±è´¥!	{"error": "Error 1292: Incorrect date value: '0000-00-00' for column 'date1' at row 1"}
[github.com/flipped-aurora/gin-vue-admin/server]2022/03/07 - 22:43:26.084	[31merror[0m	C:/Users/27370/Desktop/go-admin/gin-vue-admin/server/api/v1/autocode/vaccination_info.go:93	æ›´æ–°å¤±è´¥!	{"error": "Error 1292: Incorrect date value: '0000-00-00' for column 'date1' at row 1"}
[github.com/flipped-aurora/gin-vue-admin/server]2022/03/07 - 22:44:07.956	[31merror[0m	C:/Users/27370/Desktop/go-admin/gin-vue-admin/server/api/v1/autocode/vaccination_info.go:93	æ›´æ–°å¤±è´¥!	{"error": "Error 1292: Incorrect date value: '0000-00-00' for column 'date1' at row 1"}
[github.com/flipped-aurora/gin-vue-admin/server]2022/03/07 - 22:44:47.352	[31merror[0m	C:/Users/27370/Desktop/go-admin/gin-vue-admin/server/api/v1/autocode/vaccination_info.go:93	æ›´æ–°å¤±è´¥!	{"error": "Error 1292: Incorrect date value: '0000-00-00' for column 'date1' at row 1"}
[github.com/flipped-aurora/gin-vue-admin/server]2022/03/07 - 22:46:42.415	[31merror[0m	C:/Users/27370/Desktop/go-admin/gin-vue-admin/server/api/v1/autocode/vaccination_info.go:113	æŸ¥è¯¢å¤±è´¥!	{"error": "record not found"}
[github.com/flipped-aurora/gin-vue-admin/server]2022/03/08 - 09:52:54.306	[31merror[0m	C:/Users/27370/Desktop/go-admin/gin-vue-admin/server/api/v1/autocode/vaccination_info.go:113	æŸ¥è¯¢å¤±è´¥!	{"error": "record not found"}
[github.com/flipped-aurora/gin-vue-admin/server]2022/03/08 - 09:56:18.410	[31merror[0m	C:/Users/27370/Desktop/go-admin/gin-vue-admin/server/api/v1/autocode/vaccination_info.go:113	æŸ¥è¯¢å¤±è´¥!	{"error": "record not found"}
[github.com/flipped-aurora/gin-vue-admin/server]2022/03/08 - 09:59:57.714	[31merror[0m	C:/Users/27370/Desktop/go-admin/gin-vue-admin/server/api/v1/autocode/vaccination_info.go:113	æŸ¥è¯¢å¤±è´¥!	{"error": "record not found"}
[github.com/flipped-aurora/gin-vue-admin/server]2022/03/08 - 10:01:51.147	[31merror[0m	C:/Users/27370/Desktop/go-admin/gin-vue-admin/server/api/v1/autocode/vaccination_info.go:113	æŸ¥è¯¢å¤±è´¥!	{"error": "record not found"}
[github.com/flipped-aurora/gin-vue-admin/server]2022/03/08 - 10:02:37.653	[31merror[0m	C:/Users/27370/Desktop/go-admin/gin-vue-admin/server/api/v1/autocode/vaccination_info.go:113	æŸ¥è¯¢å¤±è´¥!	{"error": "record not found"}
[github.com/flipped-aurora/gin-vue-admin/server]2022/03/08 - 10:04:33.326	[31merror[0m	C:/Users/27370/Desktop/go-admin/gin-vue-admin/server/api/v1/autocode/vaccination_info.go:113	æŸ¥è¯¢å¤±è´¥!	{"error": "record not found"}
[github.com/flipped-aurora/gin-vue-admin/server]2022/03/08 - 10:07:28.629	[31merror[0m	C:/Users/27370/Desktop/go-admin/gin-vue-admin/server/api/v1/autocode/vaccination_info.go:118	æŸ¥è¯¢å¤±è´¥!	{"error": "record not found"}
[github.com/flipped-aurora/gin-vue-admin/server]2022/03/08 - 10:08:39.787	[31merror[0m	C:/Users/27370/Desktop/go-admin/gin-vue-admin/server/api/v1/autocode/vaccination_info.go:118	æŸ¥è¯¢å¤±è´¥!	{"error": "record not found"}
[github.com/flipped-aurora/gin-vue-admin/server]2022/03/08 - 10:51:16.152	[31merror[0m	C:/Users/27370/Desktop/go-admin/gin-vue-admin/server/api/v1/autocode/vaccination_info.go:118	æŸ¥è¯¢å¤±è´¥!	{"error": "record not found"}
[github.com/flipped-aurora/gin-vue-admin/server]2022/03/08 - 10:52:14.443	[31merror[0m	C:/Users/27370/Desktop/go-admin/gin-vue-admin/server/api/v1/autocode/vaccination_info.go:118	æŸ¥è¯¢å¤±è´¥!	{"error": "record not found"}
[github.com/flipped-aurora/gin-vue-admin/server]2022/03/08 - 10:52:57.420	[31merror[0m	C:/Users/27370/Desktop/go-admin/gin-vue-admin/server/api/v1/autocode/vaccination_info.go:118	æŸ¥è¯¢å¤±è´¥!	{"error": "record not found"}
[github.com/flipped-aurora/gin-vue-admin/server]2022/03/08 - 10:57:55.263	[31merror[0m	C:/Users/27370/Desktop/go-admin/gin-vue-admin/server/api/v1/autocode/vaccination_info.go:54	åˆ é™¤å¤±è´¥!	{"error": "WHERE conditions required"}
[github.com/flipped-aurora/gin-vue-admin/server]2022/03/08 - 11:01:09.218	[31merror[0m	C:/Users/27370/Desktop/go-admin/gin-vue-admin/server/api/v1/autocode/vaccination_info.go:118	æŸ¥è¯¢å¤±è´¥!	{"error": "record not found"}
[github.com/flipped-aurora/gin-vue-admin/server]2022/03/30 - 14:13:42.684	[31merror[0m	C:/Users/27370/Desktop/go-admin/gin-vue-admin/server/initialize/gorm.go:56	register table failed	{"error": "dial tcp 127.0.0.1:3306: connectex: No connection could be made because the target machine actively refused it."}
[github.com/flipped-aurora/gin-vue-admin/server]2022/03/30 - 14:15:36.263	[31merror[0m	C:/Users/27370/Desktop/go-admin/gin-vue-admin/server/utils/clamis.go:15	ä»Ginçš„Contextä¸­è·å–ä»jwtè§£æä¿¡æ¯å¤±è´¥, è¯·æ£€æŸ¥è¯·æ±‚å¤´æ˜¯å¦å­˜åœ¨x-tokenä¸”claimsæ˜¯å¦ä¸ºè§„å®šç»“æ„
[github.com/flipped-aurora/gin-vue-admin/server]2022/03/30 - 14:16:49.845	[31merror[0m	C:/Users/27370/Desktop/go-admin/gin-vue-admin/server/api/v1/system/sys_user.go:35	ç™»é™†å¤±è´¥! ç”¨æˆ·åä¸å­˜åœ¨æˆ–è€…å¯†ç é”™è¯¯!	{"error": "db not init"}
[github.com/flipped-aurora/gin-vue-admin/server]2022/03/30 - 14:21:27.422	[31merror[0m	C:/Users/27370/Desktop/go-admin/gin-vue-admin/server/api/v1/autocode/vaccination_info.go:34	åˆ›å»ºå¤±è´¥!	{"error": "Error 1364: Field 'x_id' doesn't have a default value"}
[github.com/flipped-aurora/gin-vue-admin/server]2022/04/20 - 15:41:28.804	[31merror[0m	C:/Users/27370/Desktop/go-admin/gin-vue-admin/server/core/server.go:39	listen tcp :8888: bind: Only one usage of each socket address (protocol/network address/port) is normally permitted.
[github.com/flipped-aurora/gin-vue-admin/server]2022/04/20 - 15:42:20.950	[31merror[0m	C:/Users/27370/Desktop/go-admin/gin-vue-admin/server/core/server.go:39	listen tcp :8888: bind: Only one usage of each socket address (protocol/network address/port) is normally permitted.
[github.com/flipped-aurora/gin-vue-admin/server]2022/04/20 - 15:43:11.922	[31merror[0m	C:/Users/27370/Desktop/go-admin/gin-vue-admin/server/core/server.go:39	listen tcp :8888: bind: Only one usage of each socket address (protocol/network address/port) is normally permitted.
[github.com/flipped-aurora/gin-vue-admin/server]2022/04/20 - 15:48:19.793	[31merror[0m	C:/Users/27370/Desktop/go-admin/gin-vue-admin/server/utils/clamis.go:15	ä»Ginçš„Contextä¸­è·å–ä»jwtè§£æä¿¡æ¯å¤±è´¥, è¯·æ£€æŸ¥è¯·æ±‚å¤´æ˜¯å¦å­˜åœ¨x-tokenä¸”claimsæ˜¯å¦ä¸ºè§„å®šç»“æ„
[github.com/flipped-aurora/gin-vue-admin/server]2022/04/20 - 15:48:19.826	[31merror[0m	C:/Users/27370/Desktop/go-admin/gin-vue-admin/server/utils/clamis.go:15	ä»Ginçš„Contextä¸­è·å–ä»jwtè§£æä¿¡æ¯å¤±è´¥, è¯·æ£€æŸ¥è¯·æ±‚å¤´æ˜¯å¦å­˜åœ¨x-tokenä¸”claimsæ˜¯å¦ä¸ºè§„å®šç»“æ„
[github.com/flipped-aurora/gin-vue-admin/server]2022/04/20 - 15:48:19.832	[31merror[0m	C:/Users/27370/Desktop/go-admin/gin-vue-admin/server/api/v1/system/sys_user.go:319	è·å–å¤±è´¥!	{"error": "record not found"}
[github.com/flipped-aurora/gin-vue-admin/server]2022/04/20 - 16:30:22.961	[31merror[0m	C:/Users/27370/Desktop/go-admin/gin-vue-admin/server/utils/clamis.go:15	ä»Ginçš„Contextä¸­è·å–ä»jwtè§£æä¿¡æ¯å¤±è´¥, è¯·æ£€æŸ¥è¯·æ±‚å¤´æ˜¯å¦å­˜åœ¨x-tokenä¸”claimsæ˜¯å¦ä¸ºè§„å®šç»“æ„
[github.com/flipped-aurora/gin-vue-admin/server]2022/04/20 - 16:30:22.993	[31merror[0m	C:/Users/27370/Desktop/go-admin/gin-vue-admin/server/utils/clamis.go:15	ä»Ginçš„Contextä¸­è·å–ä»jwtè§£æä¿¡æ¯å¤±è´¥, è¯·æ£€æŸ¥è¯·æ±‚å¤´æ˜¯å¦å­˜åœ¨x-tokenä¸”claimsæ˜¯å¦ä¸ºè§„å®šç»“æ„
[github.com/flipped-aurora/gin-vue-admin/server]2022/04/20 - 16:30:22.999	[31merror[0m	C:/Users/27370/Desktop/go-admin/gin-vue-admin/server/api/v1/system/sys_user.go:319	è·å–å¤±è´¥!	{"error": "record not found"}
[github.com/flipped-aurora/gin-vue-admin/server]2022/04/20 - 16:42:19.573	[31merror[0m	C:/Users/27370/Desktop/go-admin/gin-vue-admin/server/utils/clamis.go:15	ä»Ginçš„Contextä¸­è·å–ä»jwtè§£æä¿¡æ¯å¤±è´¥, è¯·æ£€æŸ¥è¯·æ±‚å¤´æ˜¯å¦å­˜åœ¨x-tokenä¸”claimsæ˜¯å¦ä¸ºè§„å®šç»“æ„
[github.com/flipped-aurora/gin-vue-admin/server]2022/04/20 - 16:42:19.589	[31merror[0m	C:/Users/27370/Desktop/go-admin/gin-vue-admin/server/utils/clamis.go:15	ä»Ginçš„Contextä¸­è·å–ä»jwtè§£æä¿¡æ¯å¤±è´¥, è¯·æ£€æŸ¥è¯·æ±‚å¤´æ˜¯å¦å­˜åœ¨x-tokenä¸”claimsæ˜¯å¦ä¸ºè§„å®šç»“æ„
[github.com/flipped-aurora/gin-vue-admin/server]2022/04/20 - 16:42:19.595	[31merror[0m	C:/Users/27370/Desktop/go-admin/gin-vue-admin/server/api/v1/system/sys_user.go:319	è·å–å¤±è´¥!	{"error": "record not found"}
[github.com/flipped-aurora/gin-vue-admin/server]2022/04/20 - 16:44:08.507	[31merror[0m	C:/Users/27370/Desktop/go-admin/gin-vue-admin/server/utils/clamis.go:15	ä»Ginçš„Contextä¸­è·å–ä»jwtè§£æä¿¡æ¯å¤±è´¥, è¯·æ£€æŸ¥è¯·æ±‚å¤´æ˜¯å¦å­˜åœ¨x-tokenä¸”claimsæ˜¯å¦ä¸ºè§„å®šç»“æ„
[github.com/flipped-aurora/gin-vue-admin/server]2022/04/20 - 16:44:08.529	[31merror[0m	C:/Users/27370/Desktop/go-admin/gin-vue-admin/server/utils/clamis.go:15	ä»Ginçš„Contextä¸­è·å–ä»jwtè§£æä¿¡æ¯å¤±è´¥, è¯·æ£€æŸ¥è¯·æ±‚å¤´æ˜¯å¦å­˜åœ¨x-tokenä¸”claimsæ˜¯å¦ä¸ºè§„å®šç»“æ„
[github.com/flipped-aurora/gin-vue-admin/server]2022/04/20 - 16:44:08.532	[31merror[0m	C:/Users/27370/Desktop/go-admin/gin-vue-admin/server/api/v1/system/sys_user.go:319	è·å–å¤±è´¥!	{"error": "record not found"}
[github.com/flipped-aurora/gin-vue-admin/server]2022/04/21 - 19:16:15.110	[31merror[0m	C:/Users/27370/Desktop/go-admin/gin-vue-admin/server/core/server.go:39	listen tcp :8888: bind: Only one usage of each socket address (protocol/network address/port) is normally permitted.
[github.com/flipped-aurora/gin-vue-admin/server]2022/04/21 - 19:26:26.547	[31merror[0m	C:/Users/27370/Desktop/go-admin/gin-vue-admin/server/initialize/gorm.go:55	register table failed	{"error": "Error 1171: All parts of a PRIMARY KEY must be NOT NULL; if you need NULL in a key, use UNIQUE instead"}
[github.com/flipped-aurora/gin-vue-admin/server]2022/04/21 - 19:31:27.411	[31merror[0m	C:/Users/27370/Desktop/go-admin/gin-vue-admin/server/initialize/gorm.go:55	register table failed	{"error": "Error 1075: Incorrect table definition; there can be only one auto column and it must be defined as a key"}
[github.com/flipped-aurora/gin-vue-admin/server]2022/04/21 - 20:04:08.597	[31merror[0m	C:/Users/27370/Desktop/go-admin/gin-vue-admin/server/api/v1/autocode/we_mrdk1.go:113	æŸ¥è¯¢å¤±è´¥!	{"error": "Error 1054: Unknown column 'id' in 'where clause'"}
[github.com/flipped-aurora/gin-vue-admin/server]2022/04/21 - 20:04:15.537	[31merror[0m	C:/Users/27370/Desktop/go-admin/gin-vue-admin/server/api/v1/autocode/we_mrdk1.go:53	åˆ é™¤å¤±è´¥!	{"error": "WHERE conditions required"}
[github.com/flipped-aurora/gin-vue-admin/server]2022/04/21 - 20:06:18.926	[31merror[0m	C:/Users/27370/Desktop/go-admin/gin-vue-admin/server/api/v1/autocode/we_mrdk1.go:113	æŸ¥è¯¢å¤±è´¥!	{"error": "record not found"}
[github.com/flipped-aurora/gin-vue-admin/server]2022/04/21 - 20:15:29.911	[31merror[0m	C:/Users/27370/Desktop/go-admin/gin-vue-admin/server/api/v1/autocode/we_mrdk1.go:53	åˆ é™¤å¤±è´¥!	{"error": "WHERE conditions required"}
[github.com/flipped-aurora/gin-vue-admin/server]2022/04/21 - 20:19:45.651	[31merror[0m	C:/Users/27370/Desktop/go-admin/gin-vue-admin/server/api/v1/autocode/we_mrdk1.go:53	åˆ é™¤å¤±è´¥!	{"error": "WHERE conditions required"}
[github.com/flipped-aurora/gin-vue-admin/server]2022/04/21 - 20:28:47.193	[31merror[0m	C:/Users/27370/Desktop/go-admin/gin-vue-admin/server/api/v1/autocode/we_mrdk1.go:113	æŸ¥è¯¢å¤±è´¥!	{"error": "record not found"}
[github.com/flipped-aurora/gin-vue-admin/server]2022/04/21 - 20:28:55.043	[31merror[0m	C:/Users/27370/Desktop/go-admin/gin-vue-admin/server/api/v1/autocode/we_mrdk1.go:113	æŸ¥è¯¢å¤±è´¥!	{"error": "record not found"}
[github.com/flipped-aurora/gin-vue-admin/server]2022/04/21 - 20:34:52.213	[31merror[0m	C:/Users/27370/Desktop/go-admin/gin-vue-admin/server/api/v1/autocode/we_mrdk1.go:115	æŸ¥è¯¢å¤±è´¥!	{"error": "record not found"}
[github.com/flipped-aurora/gin-vue-admin/server]2022/04/21 - 20:36:24.369	[31merror[0m	C:/Users/27370/Desktop/go-admin/gin-vue-admin/server/api/v1/autocode/we_mrdk1.go:115	æŸ¥è¯¢å¤±è´¥!	{"error": "record not found"}
[github.com/flipped-aurora/gin-vue-admin/server]2022/04/21 - 20:38:56.796	[31merror[0m	C:/Users/27370/Desktop/go-admin/gin-vue-admin/server/api/v1/autocode/we_mrdk1.go:115	æŸ¥è¯¢å¤±è´¥!	{"error": "record not found"}
[github.com/flipped-aurora/gin-vue-admin/server]2022/04/21 - 20:42:13.820	[31merror[0m	C:/Users/27370/Desktop/go-admin/gin-vue-admin/server/api/v1/autocode/we_mrdk1.go:116	æŸ¥è¯¢å¤±è´¥!	{"error": "record not found"}
[github.com/flipped-aurora/gin-vue-admin/server]2022/04/21 - 20:45:14.323	[31merror[0m	C:/Users/27370/Desktop/go-admin/gin-vue-admin/server/api/v1/autocode/we_mrdk1.go:116	æŸ¥è¯¢å¤±è´¥!	{"error": "record not found"}
[github.com/flipped-aurora/gin-vue-admin/server]2022/04/21 - 20:45:46.430	[31merror[0m	C:/Users/27370/Desktop/go-admin/gin-vue-admin/server/api/v1/autocode/we_mrdk1.go:116	æŸ¥è¯¢å¤±è´¥!	{"error": "record not found"}
[github.com/flipped-aurora/gin-vue-admin/server]2022/04/21 - 20:45:48.928	[31merror[0m	C:/Users/27370/Desktop/go-admin/gin-vue-admin/server/api/v1/autocode/we_mrdk1.go:54	åˆ é™¤å¤±è´¥!	{"error": "WHERE conditions required"}
[github.com/flipped-aurora/gin-vue-admin/server]2022/04/21 - 20:45:58.374	[31merror[0m	C:/Users/27370/Desktop/go-admin/gin-vue-admin/server/api/v1/autocode/we_mrdk1.go:116	æŸ¥è¯¢å¤±è´¥!	{"error": "record not found"}
[github.com/flipped-aurora/gin-vue-admin/server]2022/04/21 - 20:46:52.850	[31merror[0m	C:/Users/27370/Desktop/go-admin/gin-vue-admin/server/api/v1/autocode/we_mrdk1.go:116	æŸ¥è¯¢å¤±è´¥!	{"error": "record not found"}
[github.com/flipped-aurora/gin-vue-admin/server]2022/04/21 - 20:52:25.002	[31merror[0m	C:/Users/27370/Desktop/go-admin/gin-vue-admin/server/api/v1/autocode/we_mrdk1.go:116	æŸ¥è¯¢å¤±è´¥!	{"error": "record not found"}
[github.com/flipped-aurora/gin-vue-admin/server]2022/04/21 - 20:56:22.334	[31merror[0m	C:/Users/27370/Desktop/go-admin/gin-vue-admin/server/api/v1/autocode/we_mrdk1.go:116	æŸ¥è¯¢å¤±è´¥!	{"error": "record not found"}
[github.com/flipped-aurora/gin-vue-admin/server]2022/04/22 - 12:54:09.082	[31merror[0m	C:/Users/27370/Desktop/go-admin/gin-vue-admin/server/api/v1/example/exa_excel.go:69	åŠ è½½æ•°æ®å¤±è´¥!	{"error": "zip: not a valid zip file"}
[github.com/flipped-aurora/gin-vue-admin/server]2022/04/22 - 13:27:45.788	[31merror[0m	C:/Users/27370/Desktop/go-admin/gin-vue-admin/server/api/v1/autocode/user_info.go:133	è·å–å¤±è´¥!	{"error": "sql: Scan error on column index 0, name \"id\": converting driver.Value type []uint8 (\"L201940112\") to a uint: invalid syntax; sql: Scan error on column index 0, name \"id\": converting driver.Value type []uint8 (\"L201940116\") to a uint: invalid syntax; sql: Scan error on column index 0, name \"id\": converting driver.Value type []uint8 (\"L201940119\") to a uint: invalid syntax; sql: Scan error on column index 0, name \"id\": converting driver.Value type []uint8 (\"L201940123\") to a uint: invalid syntax; sql: Scan error on column index 0, name \"id\": converting driver.Value type []uint8 (\"L201940126\") to a uint: invalid syntax; sql: Scan error on column index 0, name \"id\": converting driver.Value type []uint8 (\"L201940128\") to a uint: invalid syntax"}
[github.com/flipped-aurora/gin-vue-admin/server]2022/04/22 - 13:27:49.510	[31merror[0m	C:/Users/27370/Desktop/go-admin/gin-vue-admin/server/api/v1/autocode/user_info.go:133	è·å–å¤±è´¥!	{"error": "sql: Scan error on column index 0, name \"id\": converting driver.Value type []uint8 (\"L201940076\") to a uint: invalid syntax; sql: Scan error on column index 0, name \"id\": converting driver.Value type []uint8 (\"L201940081\") to a uint: invalid syntax; sql: Scan error on column index 0, name \"id\": converting driver.Value type []uint8 (\"L201940084\") to a uint: invalid syntax; sql: Scan error on column index 0, name \"id\": converting driver.Value type []uint8 (\"L201940090\") to a uint: invalid syntax; sql: Scan error on column index 0, name \"id\": converting driver.Value type []uint8 (\"L201940107\") to a uint: invalid syntax; sql: Scan error on column index 0, name \"id\": converting driver.Value type []uint8 (\"L201940109\") to a uint: invalid syntax; sql: Scan error on column index 0, name \"id\": converting driver.Value type []uint8 (\"L201940111\") to a uint: invalid syntax"}
[github.com/flipped-aurora/gin-vue-admin/server]2022/04/22 - 13:32:49.949	[31merror[0m	C:/Users/27370/Desktop/go-admin/gin-vue-admin/server/api/v1/autocode/user_info.go:53	åˆ é™¤å¤±è´¥!	{"error": "Error 1292: Truncated incorrect DOUBLE value: 'L201940076'"}
[github.com/flipped-aurora/gin-vue-admin/server]2022/05/02 - 19:43:21.935	[31merror[0m	C:/Users/27370/Desktop/go-admin/gin-vue-admin/server/api/v1/system/sys_user.go:35	ç™»é™†å¤±è´¥! ç”¨æˆ·åä¸å­˜åœ¨æˆ–è€…å¯†ç é”™è¯¯!	{"error": "db not init"}
[github.com/flipped-aurora/gin-vue-admin/server]2022/05/02 - 19:43:54.243	[31merror[0m	C:/Users/27370/Desktop/go-admin/gin-vue-admin/server/api/v1/system/sys_user.go:35	ç™»é™†å¤±è´¥! ç”¨æˆ·åä¸å­˜åœ¨æˆ–è€…å¯†ç é”™è¯¯!	{"error": "db not init"}
[github.com/flipped-aurora/gin-vue-admin/server]2022/05/02 - 19:45:28.458	[31merror[0m	C:/Users/27370/Desktop/go-admin/gin-vue-admin/server/api/v1/system/sys_user.go:35	ç™»é™†å¤±è´¥! ç”¨æˆ·åä¸å­˜åœ¨æˆ–è€…å¯†ç é”™è¯¯!	{"error": "db not init"}
[github.com/flipped-aurora/gin-vue-admin/server]2022/05/02 - 19:45:39.211	[31merror[0m	C:/Users/27370/Desktop/go-admin/gin-vue-admin/server/api/v1/system/sys_user.go:35	ç™»é™†å¤±è´¥! ç”¨æˆ·åä¸å­˜åœ¨æˆ–è€…å¯†ç é”™è¯¯!	{"error": "db not init"}
[github.com/flipped-aurora/gin-vue-admin/server]2022/05/02 - 19:45:56.406	[31merror[0m	C:/Users/27370/Desktop/go-admin/gin-vue-admin/server/api/v1/system/sys_initdb.go:34	è‡ªåŠ¨åˆ›å»ºæ•°æ®åº“å¤±è´¥!	{"error": "dial tcp 127.0.0.1:3306: connectex: No connection could be made because the target machine actively refused it."}
[github.com/flipped-aurora/gin-vue-admin/server]2022/05/03 - 14:08:12.380	[31merror[0m	C:/Users/27370/Desktop/go-admin/gin-vue-admin/server/initialize/gorm.go:56	register table failed	{"error": "dial tcp 127.0.0.1:3306: connectex: No connection could be made because the target machine actively refused it."}
[github.com/flipped-aurora/gin-vue-admin/server]2022/05/03 - 14:23:48.534	[31merror[0m	C:/Users/27370/Desktop/go-admin/gin-vue-admin/server/api/v1/system/sys_menu.go:170	æ›´æ–°å¤±è´¥!	{"error": "å­˜åœ¨ç›¸åŒnameä¿®æ”¹å¤±è´¥"}
